<?xml version="1.0" encoding="UTF-8"?>
<!-- Generated by org.testng.reporters.JUnitReportReporter -->
<testsuite hostname="DESKTOP-4BN22KQ" failures="0" tests="1" name="testCases.Authentication" time="2.598" errors="0" timestamp="10 Mar 2024 15:33:10 GMT" skipped="0">
  <testcase classname="testCases.Authentication" name="generateBearerToken" time="2.598"/>
</testsuite> <!-- testCases.Authentication -->
